#
# There is insufficient memory for the Java Runtime Environment to continue.
# Native memory allocation (mmap) failed to map 134217728 bytes for G1 virtual space
# Possible reasons:
#   The system is out of physical RAM or swap space
#   The process is running with CompressedOops enabled, and the Java Heap may be blocking the growth of the native heap
# Possible solutions:
#   Reduce memory load on the system
#   Increase physical memory or swap space
#   Check if swap backing store is full
#   Decrease Java heap size (-Xmx/-Xms)
#   Decrease number of Java threads
#   Decrease Java thread stack sizes (-Xss)
#   Set larger code cache with -XX:ReservedCodeCacheSize=
#   JVM is running with Unscaled Compressed Oops mode in which the Java heap is
#     placed in the first 4GB address space. The Java Heap base address is the
#     maximum limit for the native heap growth. Please use -XX:HeapBaseMinAddress
#     to set the Java Heap base and to place the Java Heap above 4GB virtual address.
# This output file may be truncated or incomplete.
#
#  Out of Memory Error (os_windows.cpp:3829), pid=19940, tid=17396
#
# JRE version:  (17.0.8+7) (build )
# Java VM: OpenJDK 64-Bit Server VM (17.0.8+7-b1000.22, mixed mode, sharing, tiered, compressed oops, compressed class ptrs, g1 gc, windows-amd64)
# No core dump will be written. Minidumps are not enabled by default on client versions of Windows
#

---------------  S U M M A R Y ------------

Command Line: git4idea.http.GitAskPassApp Username for 'https://github.com': 

Host: Intel(R) Core(TM) i5-8265U CPU @ 1.60GHz, 8 cores, 7G,  Windows 11 , 64 bit Build 22621 (10.0.22621.3374)
Time: Sun May 12 21:54:27 2024 W. Central Africa Standard Time elapsed time: 0.014479 seconds (0d 0h 0m 0s)

---------------  T H R E A D  ---------------

Current thread (0x00000222d5fadfd0):  JavaThread "Unknown thread" [_thread_in_vm, id=17396, stack(0x0000009a14200000,0x0000009a14300000)]

Stack: [0x0000009a14200000,0x0000009a14300000]
Native frames: (J=compiled Java code, j=interpreted, Vv=VM code, C=native code)
V  [jvm.dll+0x6852da]
V  [jvm.dll+0x844c84]
V  [jvm.dll+0x84659e]
V  [jvm.dll+0x846c03]
V  [jvm.dll+0x24b7cf]
V  [jvm.dll+0x682049]
V  [jvm.dll+0x67671a]
V  [jvm.dll+0x30be2b]
V  [jvm.dll+0x3132d6]
V  [jvm.dll+0x36302e]
V  [jvm.dll+0x36325f]
V  [jvm.dll+0x2e1f48]
V  [jvm.dll+0x2e2eb4]
V  [jvm.dll+0x815c11]
V  [jvm.dll+0x370df1]
V  [jvm.dll+0x7f4fdc]
V  [jvm.dll+0x3f3f1f]
V  [jvm.dll+0x3f5b31]
C  [jli.dll+0x528f]
C  [ucrtbase.dll+0x29333]
C  [KERNEL32.DLL+0x1257d]
C  [ntdll.dll+0x5aa48]


---------------  P R O C E S S  ---------------

Threads class SMR info:
_java_thread_list=0x00007fff59950098, length=0, elements={
}

Java Threads: ( => current thread )

Other Threads:
  0x00000222d6107800 GCTaskThread "GC Thread#0" [stack: 0x0000009a14300000,0x0000009a14400000] [id=20980]
  0x00000222d6118a80 ConcurrentGCThread "G1 Main Marker" [stack: 0x0000009a14400000,0x0000009a14500000] [id=15984]
  0x00000222d61193a0 ConcurrentGCThread "G1 Conc#0" [stack: 0x0000009a14500000,0x0000009a14600000] [id=12236]

[error occurred during error reporting (printing all threads), id 0xc0000005, EXCEPTION_ACCESS_VIOLATION (0xc0000005) at pc=0x00007fff59102ab7]

VM state: not at safepoint (not fully initialized)

VM Mutex/Monitor currently owned by a thread:  ([mutex/lock_event])
[0x00000222d60ac120] Heap_lock - owner thread: 0x00000222d5fadfd0

Heap address: 0x0000000081c00000, size: 2020 MB, Compressed Oops mode: 32-bit

CDS archive(s) mapped at: [0x0000000000000000-0x0000000000000000-0x0000000000000000), size 0, SharedBaseAddress: 0x0000000800000000, ArchiveRelocationMode: 1.
Narrow klass base: 0x0000000000000000, Narrow klass shift: 0, Narrow klass range: 0x0

GC Precious Log:
<Empty>

Heap:
 garbage-first heap   total 0K, used 0K [0x0000000081c00000, 0x0000000100000000)
  region size 1024K, 0 young (0K), 0 survivors (0K)
 Metaspace       used 0K, committed 0K, reserved 0K
  class space    used 0K, committed 0K, reserved 0K

Heap Regions: E=young(eden), S=young(survivor), O=old, HS=humongous(starts), HC=humongous(continues), CS=collection set, F=free, OA=open archive, CA=closed archive, TAMS=top-at-mark-start (previous, next)

Card table byte_map: [0x00000222eae80000,0x00000222eb280000] _byte_map_base: 0x00000222eaa72000

Marking Bits (Prev, Next): (CMBitMap*) 0x00000222d6107d30, (CMBitMap*) 0x00000222d6107d70
 Prev Bits: [0x00000222eb680000, 0x00000222ed610000)
 Next Bits: [0x00000222ed610000, 0x00000222ef5a0000)

GC Heap History (0 events):
No events

Dll operation events (1 events):
Event: 0.008 Loaded shared library C:\Program Files\JetBrains\IntelliJ IDEA 2023.2.2\jbr\bin\java.dll

Deoptimization events (0 events):
No events

Classes unloaded (0 events):
No events

Classes redefined (0 events):
No events

Internal exceptions (0 events):
No events

VM Operations (0 events):
No events

Events (0 events):
No events


Dynamic libraries:
0x00007ff68e4d0000 - 0x00007ff68e4da000 	C:\Program Files\JetBrains\IntelliJ IDEA 2023.2.2\jbr\bin\java.exe
0x00007fffc8c90000 - 0x00007fffc8ea6000 	C:\WINDOWS\SYSTEM32\ntdll.dll
0x00007fffc77f0000 - 0x00007fffc78b4000 	C:\WINDOWS\System32\KERNEL32.DLL
0x00007fffc61e0000 - 0x00007fffc6587000 	C:\WINDOWS\System32\KERNELBASE.dll
0x00007fffc6680000 - 0x00007fffc6791000 	C:\WINDOWS\System32\ucrtbase.dll
0x00007fffa05c0000 - 0x00007fffa05d7000 	C:\Program Files\JetBrains\IntelliJ IDEA 2023.2.2\jbr\bin\jli.dll
0x00007fff93950000 - 0x00007fff9396b000 	C:\Program Files\JetBrains\IntelliJ IDEA 2023.2.2\jbr\bin\VCRUNTIME140.dll
0x00007fffc6ea0000 - 0x00007fffc704e000 	C:\WINDOWS\System32\USER32.dll
0x00007fffc6910000 - 0x00007fffc6936000 	C:\WINDOWS\System32\win32u.dll
0x00007fffb5640000 - 0x00007fffb58d3000 	C:\WINDOWS\WinSxS\amd64_microsoft.windows.common-controls_6595b64144ccf1df_6.0.22621.3235_none_270f74e173860f98\COMCTL32.dll
0x00007fffc6e70000 - 0x00007fffc6e99000 	C:\WINDOWS\System32\GDI32.dll
0x00007fffc6a10000 - 0x00007fffc6ab7000 	C:\WINDOWS\System32\msvcrt.dll
0x00007fffc5fb0000 - 0x00007fffc60c9000 	C:\WINDOWS\System32\gdi32full.dll
0x00007fffc60d0000 - 0x00007fffc616a000 	C:\WINDOWS\System32\msvcp_win.dll
0x00007fffc69c0000 - 0x00007fffc69f1000 	C:\WINDOWS\System32\IMM32.DLL
0x00007fffc3060000 - 0x00007fffc306c000 	C:\Program Files\JetBrains\IntelliJ IDEA 2023.2.2\jbr\bin\vcruntime140_1.dll
0x00007fff82970000 - 0x00007fff829fd000 	C:\Program Files\JetBrains\IntelliJ IDEA 2023.2.2\jbr\bin\msvcp140.dll
0x00007fff58e10000 - 0x00007fff59a93000 	C:\Program Files\JetBrains\IntelliJ IDEA 2023.2.2\jbr\bin\server\jvm.dll
0x00007fffc70d0000 - 0x00007fffc7182000 	C:\WINDOWS\System32\ADVAPI32.dll
0x00007fffc89e0000 - 0x00007fffc8a88000 	C:\WINDOWS\System32\sechost.dll
0x00007fffc6650000 - 0x00007fffc6678000 	C:\WINDOWS\System32\bcrypt.dll
0x00007fffc7340000 - 0x00007fffc7455000 	C:\WINDOWS\System32\RPCRT4.dll
0x00007fffc5e80000 - 0x00007fffc5ecd000 	C:\WINDOWS\SYSTEM32\POWRPROF.dll
0x00007fffc3280000 - 0x00007fffc3289000 	C:\WINDOWS\SYSTEM32\WSOCK32.dll
0x00007fffbd930000 - 0x00007fffbd964000 	C:\WINDOWS\SYSTEM32\WINMM.dll
0x00007fffc7050000 - 0x00007fffc70c1000 	C:\WINDOWS\System32\WS2_32.dll
0x00007fffba470000 - 0x00007fffba47a000 	C:\WINDOWS\SYSTEM32\VERSION.dll
0x00007fffc5db0000 - 0x00007fffc5dc3000 	C:\WINDOWS\SYSTEM32\UMPDC.dll
0x00007fffc4fb0000 - 0x00007fffc4fc8000 	C:\WINDOWS\SYSTEM32\kernel.appcore.dll
0x00007fffc1450000 - 0x00007fffc145a000 	C:\Program Files\JetBrains\IntelliJ IDEA 2023.2.2\jbr\bin\jimage.dll
0x00007fffba630000 - 0x00007fffba863000 	C:\WINDOWS\SYSTEM32\DBGHELP.DLL
0x00007fffc7460000 - 0x00007fffc77e8000 	C:\WINDOWS\System32\combase.dll
0x00007fffc7aa0000 - 0x00007fffc7b77000 	C:\WINDOWS\System32\OLEAUT32.dll
0x00007fff9a390000 - 0x00007fff9a3c2000 	C:\WINDOWS\SYSTEM32\dbgcore.DLL
0x00007fffc6940000 - 0x00007fffc69b9000 	C:\WINDOWS\System32\bcryptPrimitives.dll
0x00007fffc1420000 - 0x00007fffc1445000 	C:\Program Files\JetBrains\IntelliJ IDEA 2023.2.2\jbr\bin\java.dll

dbghelp: loaded successfully - version: 4.0.5 - missing functions: none
symbol engine: initialized successfully - sym options: 0x614 - pdb path: .;C:\Program Files\JetBrains\IntelliJ IDEA 2023.2.2\jbr\bin;C:\WINDOWS\SYSTEM32;C:\WINDOWS\WinSxS\amd64_microsoft.windows.common-controls_6595b64144ccf1df_6.0.22621.3235_none_270f74e173860f98;C:\Program Files\JetBrains\IntelliJ IDEA 2023.2.2\jbr\bin\server

VM Arguments:
java_command: git4idea.http.GitAskPassApp Username for 'https://github.com': 
java_class_path (initial): C:/Program Files/JetBrains/IntelliJ IDEA 2023.2.2/plugins/vcs-git/lib/git4idea-rt.jar;C:/Program Files/JetBrains/IntelliJ IDEA 2023.2.2/lib/externalProcess-rt.jar
Launcher Type: SUN_STANDARD

[Global flags]
     intx CICompilerCount                          = 4                                         {product} {ergonomic}
     uint ConcGCThreads                            = 2                                         {product} {ergonomic}
     uint G1ConcRefinementThreads                  = 8                                         {product} {ergonomic}
   size_t G1HeapRegionSize                         = 1048576                                   {product} {ergonomic}
    uintx GCDrainStackTargetSize                   = 64                                        {product} {ergonomic}
   size_t InitialHeapSize                          = 134217728                                 {product} {ergonomic}
   size_t MarkStackSize                            = 4194304                                   {product} {ergonomic}
   size_t MaxHeapSize                              = 2118123520                                {product} {ergonomic}
   size_t MinHeapDeltaBytes                        = 1048576                                   {product} {ergonomic}
   size_t MinHeapSize                              = 8388608                                   {product} {ergonomic}
    uintx NonNMethodCodeHeapSize                   = 5839372                                {pd product} {ergonomic}
    uintx NonProfiledCodeHeapSize                  = 122909434                              {pd product} {ergonomic}
    uintx ProfiledCodeHeapSize                     = 122909434                              {pd product} {ergonomic}
    uintx ReservedCodeCacheSize                    = 251658240                              {pd product} {ergonomic}
     bool SegmentedCodeCache                       = true                                      {product} {ergonomic}
   size_t SoftMaxHeapSize                          = 2118123520                             {manageable} {ergonomic}
     bool UseCompressedClassPointers               = true                           {product lp64_product} {ergonomic}
     bool UseCompressedOops                        = true                           {product lp64_product} {ergonomic}
     bool UseG1GC                                  = true                                      {product} {ergonomic}
     bool UseLargePagesIndividualAllocation        = false                                  {pd product} {ergonomic}

Logging:
Log output configuration:
 #0: stdout all=warning uptime,level,tags
 #1: stderr all=off uptime,level,tags

Environment Variables:
JAVA_HOME=C:\Program Files\Java\jdk1.8.0_202
PATH=C:\Program Files\Git\mingw64\libexec\git-core;C:\Program Files\Git\mingw64\libexec\git-core;C:\Program Files\Git\mingw64\bin;C:\Program Files\Git\usr\bin;C:\Users\syrin\bin;C:\WINDOWS\system32;C:\WINDOWS;C:\WINDOWS\System32\Wbem;C:\WINDOWS\System32\WindowsPowerShell\v1.0;C:\WINDOWS\System32\OpenSSH;C:\Program Files\Microsoft SQL Server\150\Tools\Binn;C:\Program Files\Git\cmd;C:\Users\syrin\AppData\Roaming\nvm;C:\Program Files\nodejs;C:\Program Files\nodejs;C:\Users\syrin\AppData\Local\Microsoft\WindowsApps;C:\Program Files\JetBrains\IntelliJ IDEA 2023.2.2\bin;C:\dev\flutter;C:\Users\syrin\AppData\Local\Pub\Cache\bin;C:\Program Files\Java\jdk1.8.0_202\bin;C:\dev\flutter\bin;C:\Users\syrin\AppData\Roaming\nvm;C:\Program Files\nodejs;C:\Users\syrin\AppData\Roaming\npm
USERNAME=syrin
DISPLAY=:0.0
LC_ALL=en_US.UTF-8
TERM=xterm-256color
TMPDIR=C:\Users\syrin\AppData\Local\Temp
OS=Windows_NT
PROCESSOR_IDENTIFIER=Intel64 Family 6 Model 142 Stepping 12, GenuineIntel
TMP=C:\Users\syrin\AppData\Local\Temp
TEMP=C:\Users\syrin\AppData\Local\Temp


JNI global refs:
JNI global refs: 0, weak refs: 0

JNI global refs memory usage: 0, weak refs: 0

OOME stack traces (most recent first):
Classloader memory used:


---------------  S Y S T E M  ---------------

OS:
 Windows 11 , 64 bit Build 22621 (10.0.22621.3374)
OS uptime: 0 days 13:33 hours
Hyper-V role detected

CPU: total 8 (initial active 8) (4 cores per cpu, 2 threads per core) family 6 model 142 stepping 12 microcode 0xea, cx8, cmov, fxsr, ht, mmx, 3dnowpref, sse, sse2, sse3, ssse3, sse4.1, sse4.2, popcnt, lzcnt, tsc, tscinvbit, avx, avx2, aes, erms, clmul, bmi1, bmi2, adx, fma, vzeroupper, clflush, clflushopt, hv
Processor Information for all 8 processors :
  Max Mhz: 1800, Current Mhz: 1600, Mhz Limit: 1584

Memory: 4k page, system-wide physical 8072M (457M free)
TotalPageFile size 32648M (AvailPageFile size 62M)
current process WorkingSet (physical memory assigned to process): 11M, peak: 11M
current process commit charge ("private bytes"): 60M, peak: 188M

vm_info: OpenJDK 64-Bit Server VM (17.0.8+7-b1000.22) for windows-amd64 JRE (17.0.8+7-b1000.22), built on 2023-09-02 by "builduser" with MS VC++ 16.10 / 16.11 (VS2019)

END.
